<?xml version="1.0" encoding="UTF-8"?>
<testsuite name="TychTest" tests="6" skipped="0" failures="0" errors="0" timestamp="2018-05-20T06:08:35" hostname="gds000896-nb.carina.griddynamics.net" time="0.004">
  <properties/>
  <testcase name="test1" classname="TychTest" time="0.0"/>
  <testcase name="test2" classname="TychTest" time="0.001"/>
  <testcase name="test3" classname="TychTest" time="0.001"/>
  <testcase name="test4" classname="TychTest" time="0.0"/>
  <testcase name="test5" classname="TychTest" time="0.0"/>
  <testcase name="test6" classname="TychTest" time="0.0"/>
  <system-out><![CDATA[]]></system-out>
  <system-err><![CDATA[]]></system-err>
</testsuite>
