<?xml version="1.0" encoding="UTF-8"?>
<testsuite name="UtilityTest" tests="1" skipped="0" failures="0" errors="0" timestamp="2018-05-20T06:08:35" hostname="gds000896-nb.carina.griddynamics.net" time="0.003">
  <properties/>
  <testcase name="test1" classname="UtilityTest" time="0.003"/>
  <system-out><![CDATA[]]></system-out>
  <system-err><![CDATA[[Test worker] INFO Main - Tych(tycher=User(name=null, score=100), isDummy=false, circle=Circle(position=Position(x=0.0, y=0.0), spawnTime=0)) will be removed after 5.0 seconds. Timestamp in seconds: 5.
]]></system-err>
</testsuite>
