<?xml version="1.0" encoding="UTF-8"?>
<testsuite name="adapter.ScoreboardAdaptersTest" tests="1" skipped="0" failures="0" errors="0" timestamp="2018-05-20T06:08:35" hostname="gds000896-nb.carina.griddynamics.net" time="0.023">
  <properties/>
  <testcase name="test" classname="adapter.ScoreboardAdaptersTest" time="0.023"/>
  <system-out><![CDATA[]]></system-out>
  <system-err><![CDATA[]]></system-err>
</testsuite>
